::1 - - [25/Feb/2018:11:49:53 +0000] "POST /login HTTP/1.1" - - "-" "PostmanRuntime/6.4.1"
::1 - - [25/Feb/2018:11:50:59 +0000] "POST /login HTTP/1.1" 200 163 "-" "PostmanRuntime/6.4.1"
::1 - - [25/Feb/2018:11:57:14 +0000] "POST /new/user HTTP/1.1" - - "-" "PostmanRuntime/6.4.1"
::1 - - [25/Feb/2018:12:03:03 +0000] "POST /new/user HTTP/1.1" 500 1222 "-" "PostmanRuntime/6.4.1"
::1 - - [25/Feb/2018:12:05:21 +0000] "POST /new/user HTTP/1.1" 200 2 "-" "PostmanRuntime/6.4.1"
::1 - - [25/Feb/2018:12:05:53 +0000] "POST /new/user HTTP/1.1" 500 1200 "-" "PostmanRuntime/6.4.1"
::1 - - [25/Feb/2018:12:06:37 +0000] "POST /new/user HTTP/1.1" 200 2 "-" "PostmanRuntime/6.4.1"
::1 - - [25/Feb/2018:12:09:13 +0000] "POST /new/user HTTP/1.1" 400 27 "-" "PostmanRuntime/6.4.1"
::1 - - [25/Feb/2018:12:10:08 +0000] "POST /new/user HTTP/1.1" 400 27 "-" "PostmanRuntime/6.4.1"
::ffff:127.0.0.1 - - [25/Feb/2018:12:10:56 +0000] "POST /new/user HTTP/1.1" 400 27 "-" "PostmanRuntime/6.4.1"
::1 - - [25/Feb/2018:12:12:10 +0000] "POST /new/user HTTP/1.1" 200 2 "-" "PostmanRuntime/6.4.1"
::1 - - [25/Feb/2018:12:17:25 +0000] "POST /new/user HTTP/1.1" 200 27 "-" "PostmanRuntime/6.4.1"
::1 - - [25/Feb/2018:12:17:57 +0000] "POST /new/user HTTP/1.1" 200 27 "-" "PostmanRuntime/6.4.1"
::1 - - [25/Feb/2018:12:19:16 +0000] "POST /new/user HTTP/1.1" 200 27 "-" "PostmanRuntime/6.4.1"
::1 - - [25/Feb/2018:12:20:41 +0000] "POST /new/user HTTP/1.1" 200 27 "-" "PostmanRuntime/6.4.1"
::1 - - [25/Feb/2018:12:21:17 +0000] "POST /new/user HTTP/1.1" 200 127 "-" "PostmanRuntime/6.4.1"
::1 - - [25/Feb/2018:12:22:15 +0000] "POST /new/user HTTP/1.1" 200 27 "-" "PostmanRuntime/6.4.1"
::1 - - [25/Feb/2018:12:22:26 +0000] "POST /new/user HTTP/1.1" 200 59 "-" "PostmanRuntime/6.4.1"
::1 - - [25/Feb/2018:12:29:28 +0000] "POST /new/user HTTP/1.1" 200 27 "-" "PostmanRuntime/6.4.1"
::1 - - [25/Feb/2018:12:29:44 +0000] "POST /login HTTP/1.1" 200 21 "-" "PostmanRuntime/6.4.1"
::1 - - [25/Feb/2018:12:29:52 +0000] "POST /login HTTP/1.1" 401 34 "-" "PostmanRuntime/6.4.1"
::1 - - [25/Feb/2018:12:30:04 +0000] "POST /login HTTP/1.1" 401 34 "-" "PostmanRuntime/6.4.1"
::1 - - [25/Feb/2018:12:39:17 +0000] "POST /login HTTP/1.1" 401 34 "-" "PostmanRuntime/6.4.1"
::1 - - [25/Feb/2018:12:51:12 +0000] "POST /login HTTP/1.1" 200 189 "-" "PostmanRuntime/6.4.1"
::1 - - [25/Feb/2018:20:35:11 +0000] "POST /upload HTTP/1.1" 500 1021 "-" "PostmanRuntime/6.4.1"
::1 - - [25/Feb/2018:20:35:55 +0000] "POST /upload HTTP/1.1" 500 1021 "-" "PostmanRuntime/6.4.1"
::1 - - [25/Feb/2018:20:39:48 +0000] "POST /upload HTTP/1.1" 500 1021 "-" "PostmanRuntime/6.4.1"
::1 - - [25/Feb/2018:20:44:52 +0000] "POST /upload HTTP/1.1" 500 1021 "-" "PostmanRuntime/6.4.1"
::1 - - [25/Feb/2018:20:46:05 +0000] "POST /upload HTTP/1.1" 500 1021 "-" "PostmanRuntime/6.4.1"
::1 - - [25/Feb/2018:20:47:31 +0000] "POST /upload HTTP/1.1" 500 1021 "-" "PostmanRuntime/6.4.1"
::ffff:127.0.0.1 - - [25/Feb/2018:20:56:46 +0000] "POST /upload HTTP/1.1" 500 1021 "-" "PostmanRuntime/6.4.1"
::1 - - [25/Feb/2018:21:01:32 +0000] "POST /upload HTTP/1.1" 500 1021 "-" "PostmanRuntime/6.4.1"
::1 - - [25/Feb/2018:21:04:20 +0000] "POST /upload HTTP/1.1" 500 1021 "-" "PostmanRuntime/6.4.1"
::1 - - [25/Feb/2018:21:07:43 +0000] "POST /upload HTTP/1.1" 500 1021 "-" "PostmanRuntime/6.4.1"
::1 - - [25/Feb/2018:21:13:32 +0000] "POST /upload HTTP/1.1" 200 30 "-" "PostmanRuntime/6.4.1"
::1 - - [25/Feb/2018:21:19:13 +0000] "POST /upload HTTP/1.1" 500 1021 "-" "PostmanRuntime/6.4.1"
::1 - - [25/Feb/2018:21:20:08 +0000] "POST /upload HTTP/1.1" 200 119 "-" "PostmanRuntime/6.4.1"
::1 - - [25/Feb/2018:21:29:48 +0000] "POST /upload HTTP/1.1" 200 217 "-" "PostmanRuntime/6.4.1"
::1 - - [28/Feb/2018:18:37:54 +0000] "POST /new/registration HTTP/1.1" 500 1199 "-" "PostmanRuntime/6.4.1"
::1 - - [28/Feb/2018:18:39:11 +0000] "POST /new/registration HTTP/1.1" 500 1199 "-" "PostmanRuntime/6.4.1"
::1 - - [28/Feb/2018:18:49:14 +0000] "POST /new/registration HTTP/1.1" 200 139 "-" "PostmanRuntime/6.4.1"
::1 - - [28/Feb/2018:19:00:48 +0000] "POST /matches/female HTTP/1.1" 200 13 "-" "PostmanRuntime/6.4.1"
::1 - - [28/Feb/2018:19:01:08 +0000] "POST /matches/female HTTP/1.1" 200 13 "-" "PostmanRuntime/6.4.1"
::1 - - [28/Feb/2018:19:01:35 +0000] "POST /matches/female HTTP/1.1" 200 16 "-" "PostmanRuntime/6.4.1"
::1 - - [28/Feb/2018:19:09:26 +0000] "POST /matches/female HTTP/1.1" 200 16 "-" "PostmanRuntime/6.4.1"
::1 - - [28/Feb/2018:19:10:17 +0000] "POST /matches/female HTTP/1.1" 200 16 "-" "PostmanRuntime/6.4.1"
::1 - - [28/Feb/2018:19:10:48 +0000] "POST /matches/female HTTP/1.1" 200 293 "-" "PostmanRuntime/6.4.1"
::1 - - [28/Feb/2018:19:12:07 +0000] "POST /matches/female HTTP/1.1" 200 293 "-" "PostmanRuntime/6.4.1"
::1 - - [28/Feb/2018:19:13:33 +0000] "POST /new/registration HTTP/1.1" 200 139 "-" "PostmanRuntime/6.4.1"
::1 - - [28/Feb/2018:19:16:55 +0000] "POST /matches/female HTTP/1.1" 200 583 "-" "PostmanRuntime/6.4.1"
::1 - - [28/Feb/2018:19:17:50 +0000] "POST /new/registration HTTP/1.1" 200 139 "-" "PostmanRuntime/6.4.1"
::1 - - [28/Feb/2018:19:17:55 +0000] "POST /new/registration HTTP/1.1" 400 57 "-" "PostmanRuntime/6.4.1"
::1 - - [01/Mar/2018:15:42:13 +0000] "POST /get/profile HTTP/1.1" 400 27 "-" "PostmanRuntime/6.4.1"
::1 - - [01/Mar/2018:15:42:36 +0000] "POST /get/profile HTTP/1.1" 200 2 "-" "PostmanRuntime/6.4.1"
::1 - - [01/Mar/2018:15:43:30 +0000] "POST /get/profile HTTP/1.1" 200 32 "-" "PostmanRuntime/6.4.1"
::1 - - [01/Mar/2018:15:43:36 +0000] "POST /get/profile HTTP/1.1" 200 362 "-" "PostmanRuntime/6.4.1"
::1 - - [19/Mar/2018:18:46:16 +0000] "GET /airports HTTP/1.1" 200 361 "-" "PostmanRuntime/6.4.1"
::1 - - [19/Mar/2018:20:35:14 +0000] "POST /get/devices HTTP/1.1" 200 318 "-" "PostmanRuntime/6.4.1"
::1 - - [19/Mar/2018:20:35:56 +0000] "GET /airports HTTP/1.1" 200 361 "-" "PostmanRuntime/6.4.1"
::1 - - [19/Mar/2018:20:36:22 +0000] "POST /get/devices HTTP/1.1" 200 318 "-" "PostmanRuntime/6.4.1"
::1 - - [19/Mar/2018:20:36:25 +0000] "POST /get/devices HTTP/1.1" 200 318 "-" "PostmanRuntime/6.4.1"
::1 - - [19/Mar/2018:20:50:49 +0000] "POST /route/saveroute HTTP/1.1" 200 2 "-" "PostmanRuntime/6.4.1"
::1 - - [19/Mar/2018:20:51:43 +0000] "POST /route/saveroute HTTP/1.1" 200 16 "-" "PostmanRuntime/6.4.1"
::1 - - [19/Mar/2018:20:52:27 +0000] "POST /route/saveroute HTTP/1.1" 200 16 "-" "PostmanRuntime/6.4.1"
::1 - - [19/Mar/2018:20:52:50 +0000] "POST /route/saveroute HTTP/1.1" 200 1 "-" "PostmanRuntime/6.4.1"
::1 - - [19/Mar/2018:20:56:59 +0000] "POST /route/saveroute HTTP/1.1" 200 1 "-" "PostmanRuntime/6.4.1"
::1 - - [19/Mar/2018:20:59:54 +0000] "POST /route/saveroute HTTP/1.1" 200 178 "-" "PostmanRuntime/6.4.1"
::1 - - [19/Mar/2018:21:09:33 +0000] "POST /routes/saveroute HTTP/1.1" 200 40 "-" "PostmanRuntime/6.4.1"
::1 - - [19/Mar/2018:21:10:52 +0000] "POST /routes/deleteall HTTP/1.1" 400 299 "-" "PostmanRuntime/6.4.1"
::1 - - [19/Mar/2018:21:11:44 +0000] "POST /routes/deleteall HTTP/1.1" 200 31 "-" "PostmanRuntime/6.4.1"
::1 - - [19/Mar/2018:22:58:02 +0000] "GET / HTTP/1.1" 200 9 "-" "Mozilla/5.0 (Windows NT 10.0; Win64; x64; rv:59.0) Gecko/20100101 Firefox/59.0"
::1 - - [19/Mar/2018:23:48:12 +0000] "POST / HTTP/1.1" 404 1228 "-" "PostmanRuntime/6.4.1"
::1 - - [19/Mar/2018:23:48:12 +0000] "POST / HTTP/1.1" 404 1228 "-" "PostmanRuntime/6.4.1"
::1 - - [19/Mar/2018:23:48:20 +0000] "POST / HTTP/1.1" 404 1228 "-" "PostmanRuntime/6.4.1"
::1 - - [19/Mar/2018:23:49:48 +0000] "POST / HTTP/1.1" 404 1228 "-" "PostmanRuntime/6.4.1"
::1 - - [19/Mar/2018:23:49:56 +0000] "POST / HTTP/1.1" 404 1228 "-" "PostmanRuntime/6.4.1"
::1 - - [20/Mar/2018:00:44:16 +0000] "GET /airports/getall HTTP/1.1" 200 361 "-" "PostmanRuntime/6.4.1"
::1 - - [20/Mar/2018:00:48:49 +0000] "GET /airports/getall HTTP/1.1" 200 361 "-" "PostmanRuntime/6.4.1"
::1 - - [20/Mar/2018:00:49:08 +0000] "POST /devices/getall HTTP/1.1" 200 318 "-" "PostmanRuntime/6.4.1"
::1 - - [20/Mar/2018:00:49:22 +0000] "POST /routes/saveroute HTTP/1.1" 200 40 "-" "PostmanRuntime/6.4.1"
::1 - - [20/Mar/2018:00:49:36 +0000] "POST /routes/deleteall HTTP/1.1" 200 31 "-" "PostmanRuntime/6.4.1"
::1 - - [25/Apr/2018:15:33:59 +0000] "GET / HTTP/1.1" 200 9 "-" "Mozilla/5.0 (Windows NT 10.0; Win64; x64) AppleWebKit/537.36 (KHTML, like Gecko) Chrome/65.0.3325.181 Safari/537.36"
::1 - - [25/Apr/2018:15:34:01 +0000] "GET /favicon.ico HTTP/1.1" 404 1378 "http://localhost:3000/" "Mozilla/5.0 (Windows NT 10.0; Win64; x64) AppleWebKit/537.36 (KHTML, like Gecko) Chrome/65.0.3325.181 Safari/537.36"
::1 - - [25/Apr/2018:15:34:50 +0000] "GET //airports/getall HTTP/1.1" 404 1378 "-" "Mozilla/5.0 (Windows NT 10.0; Win64; x64) AppleWebKit/537.36 (KHTML, like Gecko) Chrome/65.0.3325.181 Safari/537.36"
::1 - - [25/Apr/2018:15:34:58 +0000] "GET /airports/getall HTTP/1.1" 200 361 "-" "Mozilla/5.0 (Windows NT 10.0; Win64; x64) AppleWebKit/537.36 (KHTML, like Gecko) Chrome/65.0.3325.181 Safari/537.36"
::1 - - [25/Apr/2018:15:35:59 +0000] "GET / HTTP/1.1" 304 - "-" "Mozilla/5.0 (Windows NT 10.0; Win64; x64) AppleWebKit/537.36 (KHTML, like Gecko) Chrome/65.0.3325.181 Safari/537.36"
::1 - - [25/Apr/2018:15:36:12 +0000] "GET /airports/getall HTTP/1.1" 304 - "-" "Mozilla/5.0 (Windows NT 10.0; Win64; x64) AppleWebKit/537.36 (KHTML, like Gecko) Chrome/65.0.3325.181 Safari/537.36"
::1 - - [25/Apr/2018:18:16:11 +0000] "POST /devices/getall HTTP/1.1" 400 31 "-" "PostmanRuntime/6.4.1"
::1 - - [25/Apr/2018:18:16:29 +0000] "POST /devices/getall HTTP/1.1" 200 635 "-" "PostmanRuntime/6.4.1"
::1 - - [25/Apr/2018:18:19:47 +0000] "POST /config/addnetwork HTTP/1.1" 200 23 "-" "PostmanRuntime/6.4.1"
::1 - - [25/Apr/2018:18:21:22 +0000] "POST /config/addnetwork HTTP/1.1" 200 23 "-" "PostmanRuntime/6.4.1"
::1 - - [25/Apr/2018:18:24:45 +0000] "POST /config/addnode HTTP/1.1" 400 38 "-" "PostmanRuntime/6.4.1"
::1 - - [25/Apr/2018:18:25:30 +0000] "POST /config/addnode HTTP/1.1" 200 41 "-" "PostmanRuntime/6.4.1"
::1 - - [25/Apr/2018:18:26:05 +0000] "POST /config/addnode HTTP/1.1" 200 41 "-" "PostmanRuntime/6.4.1"
::1 - - [25/Apr/2018:21:20:14 +0000] "GET / HTTP/1.1" 304 - "-" "Mozilla/5.0 (Windows NT 10.0; Win64; x64) AppleWebKit/537.36 (KHTML, like Gecko) Chrome/65.0.3325.181 Safari/537.36"
::1 - - [25/Apr/2018:21:20:30 +0000] "GET / HTTP/1.1" 200 9 "-" "Mozilla/5.0 (Windows NT 10.0; Win64; x64) AppleWebKit/537.36 (KHTML, like Gecko) Chrome/65.0.3325.181 Safari/537.36"
::1 - - [25/Apr/2018:21:20:30 +0000] "GET /favicon.ico HTTP/1.1" 404 1378 "http://localhost:5000/" "Mozilla/5.0 (Windows NT 10.0; Win64; x64) AppleWebKit/537.36 (KHTML, like Gecko) Chrome/65.0.3325.181 Safari/537.36"
::1 - - [25/Apr/2018:21:20:50 +0000] "GET / HTTP/1.1" 304 - "-" "Mozilla/5.0 (Windows NT 10.0; Win64; x64) AppleWebKit/537.36 (KHTML, like Gecko) Chrome/65.0.3325.181 Safari/537.36"
::1 - - [25/Apr/2018:21:20:55 +0000] "GET / HTTP/1.1" 304 - "-" "Mozilla/5.0 (Windows NT 10.0; Win64; x64) AppleWebKit/537.36 (KHTML, like Gecko) Chrome/65.0.3325.181 Safari/537.36"
::1 - - [25/Apr/2018:21:24:40 +0000] "GET / HTTP/1.1" 304 - "-" "Mozilla/5.0 (Windows NT 10.0; Win64; x64) AppleWebKit/537.36 (KHTML, like Gecko) Chrome/65.0.3325.181 Safari/537.36"
::1 - - [25/Apr/2018:21:25:04 +0000] "POST /config/addnetwork HTTP/1.1" 400 385 "-" "PostmanRuntime/6.4.1"
::1 - - [25/Apr/2018:21:26:10 +0000] "POST /config/addnetwork HTTP/1.1" 200 107 "-" "PostmanRuntime/6.4.1"
::1 - - [25/Apr/2018:21:26:18 +0000] "POST /config/addnetwork HTTP/1.1" 200 107 "-" "PostmanRuntime/6.4.1"
::1 - - [25/Apr/2018:21:35:55 +0000] "POST /config/addnetwork HTTP/1.1" 200 131 "-" "PostmanRuntime/6.4.1"
::1 - - [25/Apr/2018:21:36:22 +0000] "POST /config/addnode HTTP/1.1" 200 144 "-" "PostmanRuntime/6.4.1"
::1 - - [25/Apr/2018:21:42:07 +0000] "POST /config/addnode HTTP/1.1" 200 144 "-" "PostmanRuntime/6.4.1"
::1 - - [25/Apr/2018:21:42:12 +0000] "POST /config/addnode HTTP/1.1" 200 144 "-" "PostmanRuntime/6.4.1"
::1 - - [26/Apr/2018:10:24:53 +0000] "POST /routes/getall HTTP/1.1" 200 2 "-" "PostmanRuntime/6.4.1"
::1 - - [26/Apr/2018:10:25:32 +0000] "POST /routes/getall HTTP/1.1" 200 2 "-" "PostmanRuntime/6.4.1"
::1 - - [26/Apr/2018:10:25:55 +0000] "POST /routes/getall HTTP/1.1" 200 958 "-" "PostmanRuntime/6.4.1"
::1 - - [26/Apr/2018:10:29:03 +0000] "POST /devices/allnetworks HTTP/1.1" 200 855 "-" "PostmanRuntime/6.4.1"
::1 - - [26/Apr/2018:10:31:01 +0000] "POST /devices/getall HTTP/1.1" 200 1265 "-" "PostmanRuntime/6.4.1"
::1 - - [26/Apr/2018:10:47:47 +0000] "POST /routes/mapflight HTTP/1.1" 400 32 "-" "PostmanRuntime/6.4.1"
::1 - - [26/Apr/2018:10:48:20 +0000] "POST /routes/mapflight HTTP/1.1" 400 - "-" "PostmanRuntime/6.4.1"
::1 - - [26/Apr/2018:10:48:39 +0000] "POST /routes/mapflight HTTP/1.1" 400 20 "-" "PostmanRuntime/6.4.1"
::1 - - [26/Apr/2018:10:52:59 +0000] "POST /routes/mapflight HTTP/1.1" 200 103 "-" "PostmanRuntime/6.4.1"
::1 - - [26/Apr/2018:10:57:07 +0000] "POST /routes/flight HTTP/1.1" 400 311 "-" "PostmanRuntime/6.4.1"
::1 - - [26/Apr/2018:10:57:38 +0000] "POST /routes/flight HTTP/1.1" 400 222 "-" "PostmanRuntime/6.4.1"
::1 - - [26/Apr/2018:10:58:00 +0000] "POST /routes/flight HTTP/1.1" 200 84 "-" "PostmanRuntime/6.4.1"
::1 - - [26/Apr/2018:11:24:57 +0000] "POST /Devicedata HTTP/1.1" 500 1452 "-" "PostmanRuntime/6.4.1"
::1 - - [26/Apr/2018:11:25:20 +0000] "POST /Devicedata HTTP/1.1" 200 7 "-" "PostmanRuntime/6.4.1"
::1 - - [26/Apr/2018:11:34:11 +0000] "POST /Devicedata HTTP/1.1" 400 51 "-" "PostmanRuntime/6.4.1"
::1 - - [26/Apr/2018:11:34:28 +0000] "POST /Devicedata HTTP/1.1" 400 51 "-" "PostmanRuntime/6.4.1"
::1 - - [26/Apr/2018:11:35:03 +0000] "POST /Devicedata HTTP/1.1" 200 3 "-" "PostmanRuntime/6.4.1"
::1 - - [26/Apr/2018:11:35:19 +0000] "POST /Devicedata HTTP/1.1" 200 3 "-" "PostmanRuntime/6.4.1"
::1 - - [26/Apr/2018:11:35:45 +0000] "POST /Devicedata HTTP/1.1" 200 3 "-" "PostmanRuntime/6.4.1"
::1 - - [26/Apr/2018:11:35:49 +0000] "POST /Devicedata HTTP/1.1" 200 3 "-" "PostmanRuntime/6.4.1"
::1 - - [26/Apr/2018:11:42:44 +0000] "POST /Devicedata HTTP/1.1" 200 30 "-" "PostmanRuntime/6.4.1"
::1 - - [26/Apr/2018:11:47:33 +0000] "POST /Devicedata HTTP/1.1" 200 30 "-" "PostmanRuntime/6.4.1"
::1 - - [26/Apr/2018:11:48:45 +0000] "POST /Devicedata HTTP/1.1" 200 30 "-" "PostmanRuntime/6.4.1"
::1 - - [26/Apr/2018:11:49:39 +0000] "POST /Devicedata HTTP/1.1" 200 30 "-" "PostmanRuntime/6.4.1"
::1 - - [26/Apr/2018:11:50:48 +0000] "POST /Devicedata HTTP/1.1" 200 30 "-" "PostmanRuntime/6.4.1"
::1 - - [26/Apr/2018:11:51:38 +0000] "POST /Devicedata HTTP/1.1" 200 30 "-" "PostmanRuntime/6.4.1"
::1 - - [26/Apr/2018:11:52:36 +0000] "POST /Devicedata HTTP/1.1" 200 30 "-" "PostmanRuntime/6.4.1"
::1 - - [26/Apr/2018:11:53:02 +0000] "POST /Devicedata HTTP/1.1" 200 30 "-" "PostmanRuntime/6.4.1"
::1 - - [26/Apr/2018:11:53:25 +0000] "POST /Devicedata HTTP/1.1" 200 30 "-" "PostmanRuntime/6.4.1"
::ffff:127.0.0.1 - - [26/Apr/2018:11:53:50 +0000] "POST /Devicedata HTTP/1.1" 200 30 "-" "PostmanRuntime/6.4.1"
::1 - - [26/Apr/2018:11:54:21 +0000] "POST /Devicedata HTTP/1.1" 200 30 "-" "PostmanRuntime/6.4.1"
::1 - - [26/Apr/2018:11:55:46 +0000] "POST /Devicedata HTTP/1.1" 200 30 "-" "PostmanRuntime/6.4.1"
::1 - - [26/Apr/2018:11:56:31 +0000] "POST /Devicedata HTTP/1.1" 200 30 "-" "PostmanRuntime/6.4.1"
::1 - - [26/Apr/2018:11:56:55 +0000] "POST /Devicedata HTTP/1.1" 200 30 "-" "PostmanRuntime/6.4.1"
::1 - - [26/Apr/2018:11:58:27 +0000] "POST /Devicedata HTTP/1.1" 200 30 "-" "PostmanRuntime/6.4.1"
::1 - - [26/Apr/2018:11:58:45 +0000] "POST /Devicedata HTTP/1.1" 200 30 "-" "PostmanRuntime/6.4.1"
::1 - - [26/Apr/2018:11:59:24 +0000] "POST /Devicedata HTTP/1.1" 200 30 "-" "PostmanRuntime/6.4.1"
::1 - - [26/Apr/2018:11:59:44 +0000] "POST /Devicedata HTTP/1.1" 200 30 "-" "PostmanRuntime/6.4.1"
::1 - - [26/Apr/2018:12:03:12 +0000] "POST /Devicedata HTTP/1.1" 200 30 "-" "PostmanRuntime/6.4.1"
::1 - - [26/Apr/2018:12:03:25 +0000] "POST /Devicedata HTTP/1.1" 200 30 "-" "PostmanRuntime/6.4.1"
::1 - - [26/Apr/2018:12:03:48 +0000] "POST /Devicedata HTTP/1.1" 200 30 "-" "PostmanRuntime/6.4.1"
::1 - - [26/Apr/2018:12:03:57 +0000] "POST /Devicedata HTTP/1.1" 200 30 "-" "PostmanRuntime/6.4.1"
::1 - - [26/Apr/2018:12:04:05 +0000] "POST /Devicedata HTTP/1.1" 200 30 "-" "PostmanRuntime/6.4.1"
::1 - - [26/Apr/2018:15:28:27 +0000] "GET /loli HTTP/1.1" 200 14 "-" "PostmanRuntime/6.4.1"
::1 - - [26/Apr/2018:15:33:55 +0000] "GET /loli HTTP/1.1" 200 14 "-" "PostmanRuntime/6.4.1"
::1 - - [26/Apr/2018:15:34:28 +0000] "GET /loli HTTP/1.1" 200 14 "-" "PostmanRuntime/6.4.1"
::1 - - [26/Apr/2018:15:35:13 +0000] "GET /loli HTTP/1.1" 200 61 "-" "PostmanRuntime/6.4.1"
::1 - - [26/Apr/2018:17:31:42 +0000] "POST /Devicedata HTTP/1.1" 200 30 "-" "PostmanRuntime/6.4.1"
::1 - - [26/Apr/2018:17:44:34 +0000] "POST /Devicedata HTTP/1.1" 200 30 "-" "PostmanRuntime/6.4.1"
::1 - - [26/Apr/2018:17:45:48 +0000] "POST /Devicedata HTTP/1.1" 200 30 "-" "PostmanRuntime/6.4.1"
::1 - - [26/Apr/2018:17:47:12 +0000] "POST /Devicedata HTTP/1.1" 200 30 "-" "PostmanRuntime/6.4.1"
::1 - - [26/Apr/2018:17:53:12 +0000] "POST /Devicedata HTTP/1.1" 200 30 "-" "PostmanRuntime/6.4.1"
::1 - - [26/Apr/2018:17:54:21 +0000] "POST /Devicedata HTTP/1.1" 200 30 "-" "PostmanRuntime/6.4.1"
::1 - - [27/Apr/2018:07:41:29 +0000] "POST /Devicedata HTTP/1.1" 200 30 "-" "PostmanRuntime/6.4.1"
::1 - - [27/Apr/2018:20:44:38 +0000] "POST /config/addnetwork HTTP/1.1" 200 4 "-" "PostmanRuntime/6.4.1"
::1 - - [27/Apr/2018:20:46:06 +0000] "POST /config/addnetwork HTTP/1.1" 200 4 "-" "PostmanRuntime/6.4.1"
::1 - - [27/Apr/2018:20:48:08 +0000] "POST /config/addnetwork HTTP/1.1" 200 4 "-" "PostmanRuntime/6.4.1"
::1 - - [27/Apr/2018:20:50:08 +0000] "POST /config/addnetwork HTTP/1.1" 200 4 "-" "PostmanRuntime/6.4.1"
::1 - - [27/Apr/2018:20:52:38 +0000] "POST /config/addnetwork HTTP/1.1" 200 4 "-" "PostmanRuntime/6.4.1"
::1 - - [27/Apr/2018:20:54:07 +0000] "POST /config/addnetwork HTTP/1.1" 200 133 "-" "PostmanRuntime/6.4.1"
::1 - - [27/Apr/2018:20:54:16 +0000] "POST /config/addnetwork HTTP/1.1" 200 133 "-" "PostmanRuntime/6.4.1"
::1 - - [27/Apr/2018:20:54:19 +0000] "POST /config/addnetwork HTTP/1.1" 200 133 "-" "PostmanRuntime/6.4.1"
::1 - - [27/Apr/2018:23:34:39 +0000] "GET / HTTP/1.1" 200 9 "-" "Mozilla/5.0 (X11; Linux x86_64) AppleWebKit/537.36 (KHTML, like Gecko) Chrome/66.0.3359.139 Safari/537.36"
::1 - - [27/Apr/2018:23:34:39 +0000] "GET /favicon.ico HTTP/1.1" 404 1668 "http://localhost:3000/" "Mozilla/5.0 (X11; Linux x86_64) AppleWebKit/537.36 (KHTML, like Gecko) Chrome/66.0.3359.139 Safari/537.36"
::1 - - [27/Apr/2018:23:35:07 +0000] "GET / HTTP/1.1" 304 - "-" "Mozilla/5.0 (X11; Linux x86_64) AppleWebKit/537.36 (KHTML, like Gecko) Chrome/66.0.3359.139 Safari/537.36"
::1 - - [28/Apr/2018:06:44:48 +0000] "GET / HTTP/1.1" 200 9 "-" "Mozilla/5.0 (Windows NT 10.0; Win64; x64) AppleWebKit/537.36 (KHTML, like Gecko) Chrome/65.0.3325.181 Safari/537.36"
::1 - - [28/Apr/2018:06:44:48 +0000] "GET / HTTP/1.1" 200 9 "-" "Mozilla/5.0 (Windows NT 10.0; Win64; x64) AppleWebKit/537.36 (KHTML, like Gecko) Chrome/65.0.3325.181 Safari/537.36"
::1 - - [29/Apr/2018:22:46:05 +0000] "POST /config/addnetwork HTTP/1.1" 200 133 "-" "PostmanRuntime/6.4.1"
::1 - - [29/Apr/2018:22:46:10 +0000] "POST /config/addnetwork HTTP/1.1" 400 208 "-" "PostmanRuntime/6.4.1"
::1 - - [29/Apr/2018:22:52:47 +0000] "POST /config/addnetwork HTTP/1.1" 400 208 "-" "PostmanRuntime/6.4.1"
::1 - - [29/Apr/2018:22:53:44 +0000] "POST /config/addnetwork HTTP/1.1" 400 208 "-" "PostmanRuntime/6.4.1"
::1 - - [29/Apr/2018:22:59:11 +0000] "POST /config/addnetwork HTTP/1.1" 400 208 "-" "PostmanRuntime/6.4.1"
::1 - - [29/Apr/2018:22:59:47 +0000] "POST /config/addnetwork HTTP/1.1" 200 131 "-" "PostmanRuntime/6.4.1"
::1 - - [29/Apr/2018:23:10:58 +0000] "POST /Devicedata HTTP/1.1" 200 30 "-" "PostmanRuntime/6.4.1"
